test alter                        ... FAILED (test process exited with exit code 1)     5110 ms
test alternate_users              ... FAILED (test process exited with exit code 1)     5056 ms
test chunk_utils                  ... FAILED (test process exited with exit code 1)     5055 ms
test index                        ... FAILED (test process exited with exit code 1)     5054 ms
test pg_dump_unprivileged         ... FAILED (test process exited with exit code 1)     5048 ms
test tablespace                   ... FAILED (test process exited with exit code 1)     5056 ms
parallel group (21 tests):  append-15 broken_tables create_table chunks agg_bookends-15 custom_type cluster-15 delete-15 baserel_cache ddl_errors ddl-15 ddl_extra copy-15 drop_hypertable cursor-15 chunk_adaptive create_hypertable drop_owned create_chunks constraint-15 drop_extension
     agg_bookends-15              ... FAILED (test process exited with exit code 1)     5111 ms
     append-15                    ... FAILED (test process exited with exit code 1)     5100 ms
     baserel_cache                ... FAILED (test process exited with exit code 1)     5121 ms
     broken_tables                ... FAILED (test process exited with exit code 1)     5102 ms
     chunk_adaptive               ... FAILED (test process exited with exit code 1)     5130 ms
     chunks                       ... FAILED (test process exited with exit code 1)     5109 ms
     cluster-15                   ... FAILED (test process exited with exit code 1)     5116 ms
     constraint-15                ... FAILED (test process exited with exit code 1)     5134 ms
     copy-15                      ... FAILED (test process exited with exit code 1)     5128 ms
     create_chunks                ... FAILED (test process exited with exit code 1)     5131 ms
     create_hypertable            ... FAILED (test process exited with exit code 1)     5130 ms
     create_table                 ... FAILED (test process exited with exit code 1)     5107 ms
     cursor-15                    ... FAILED (test process exited with exit code 1)     5128 ms
     custom_type                  ... FAILED (test process exited with exit code 1)     5113 ms
     ddl-15                       ... FAILED (test process exited with exit code 1)     5124 ms
     ddl_errors                   ... FAILED (test process exited with exit code 1)     5124 ms
     ddl_extra                    ... FAILED (test process exited with exit code 1)     5125 ms
     delete-15                    ... FAILED (test process exited with exit code 1)     5119 ms
     drop_extension               ... FAILED (test process exited with exit code 1)     5133 ms
     drop_hypertable              ... FAILED (test process exited with exit code 1)     5127 ms
     drop_owned                   ... FAILED (test process exited with exit code 1)     5129 ms
parallel group (21 tests):  parallel-15 null_exclusion generated_as_identity drop_schema license hash partition insert_single information_views grant_hypertable insert-15 extension_scripts lateral drop_rename_hypertable merge insert_returning misc dump_meta insert_many partitioning histogram_test
     drop_rename_hypertable       ... FAILED (test process exited with exit code 1)     5128 ms
     drop_schema                  ... FAILED (test process exited with exit code 1)     5095 ms
     dump_meta                    ... FAILED (test process exited with exit code 1)     5133 ms
     extension_scripts            ... FAILED (test process exited with exit code 1)     5121 ms
     generated_as_identity        ... FAILED (test process exited with exit code 1)     5091 ms
     grant_hypertable             ... FAILED (test process exited with exit code 1)     5121 ms
     hash                         ... FAILED (test process exited with exit code 1)     5114 ms
     histogram_test               ... FAILED (test process exited with exit code 1)     5134 ms
     information_views            ... FAILED (test process exited with exit code 1)     5115 ms
     insert-15                    ... FAILED (test process exited with exit code 1)     5120 ms
     insert_many                  ... FAILED (test process exited with exit code 1)     5133 ms
     insert_returning             ... FAILED (test process exited with exit code 1)     5130 ms
     insert_single                ... FAILED (test process exited with exit code 1)     5115 ms
     lateral                      ... FAILED (test process exited with exit code 1)     5120 ms
     license                      ... FAILED (test process exited with exit code 1)     5108 ms
     merge                        ... FAILED (test process exited with exit code 1)     5128 ms
     misc                         ... FAILED (test process exited with exit code 1)     5131 ms
     null_exclusion               ... FAILED (test process exited with exit code 1)     5086 ms
     parallel-15                  ... FAILED (test process exited with exit code 1)     5083 ms
     partition                    ... FAILED (test process exited with exit code 1)     5114 ms
     partitioning                 ... FAILED (test process exited with exit code 1)     5132 ms
parallel group (21 tests):  update-15 plan_expand_hypertable-15 reloptions partitionwise-15 sort_optimization plain plan_ordered_append tableam upsert rowsecurity-15 plan_hypertable_inline-15 truncate plan_hashagg-15 pg_join triggers query-15 sql_query relocate_extension size_utils trusted_extension timestamp
     partitionwise-15             ... FAILED (test process exited with exit code 1)     5109 ms
     pg_join                      ... FAILED (test process exited with exit code 1)     5125 ms
     plain                        ... FAILED (test process exited with exit code 1)     5113 ms
     plan_expand_hypertable-15    ... FAILED (test process exited with exit code 1)     5104 ms
     plan_hashagg-15              ... FAILED (test process exited with exit code 1)     5124 ms
     plan_hypertable_inline-15    ... FAILED (test process exited with exit code 1)     5119 ms
     plan_ordered_append          ... FAILED (test process exited with exit code 1)     5114 ms
     query-15                     ... FAILED (test process exited with exit code 1)     5127 ms
     relocate_extension           ... FAILED (test process exited with exit code 1)     5132 ms
     reloptions                   ... FAILED (test process exited with exit code 1)     5106 ms
     rowsecurity-15               ... FAILED (test process exited with exit code 1)     5116 ms
     size_utils                   ... FAILED (test process exited with exit code 1)     5132 ms
     sort_optimization            ... FAILED (test process exited with exit code 1)     5108 ms
     sql_query                    ... FAILED (test process exited with exit code 1)     5128 ms
     tableam                      ... FAILED (test process exited with exit code 1)     5113 ms
     timestamp                    ... FAILED (test process exited with exit code 1)     5132 ms
     triggers                     ... FAILED (test process exited with exit code 1)     5124 ms
     truncate                     ... FAILED (test process exited with exit code 1)     5119 ms
     trusted_extension            ... FAILED (test process exited with exit code 1)     5131 ms
     update-15                    ... FAILED (test process exited with exit code 1)     5095 ms
     upsert                       ... FAILED (test process exited with exit code 1)     5113 ms
parallel group (4 tests):  util vacuum version vacuum_parallel
     util                         ... FAILED (test process exited with exit code 1)     5060 ms
     vacuum                       ... FAILED (test process exited with exit code 1)     5060 ms
     vacuum_parallel              ... FAILED (test process exited with exit code 1)     5061 ms
     version                      ... FAILED (test process exited with exit code 1)     5061 ms
